<?xml version="1.0" encoding="UTF-8"?>
<testsuite name="api.tests.TestUpdate2" tests="1" skipped="0" failures="0" errors="0" timestamp="2025-08-02T13:21:03" hostname="LAPTOP-KNP6RUNT" time="3.113">
  <properties/>
  <testcase name="updateUser" classname="api.tests.TestUpdate2" time="3.113"/>
  <system-out><![CDATA[{
    "id": "688e0c572121b2a7daad8690",
    "firstName": "Park Jongseong",
    "lastName": "(Jeyyi)",
    "email": "park.jeyi1754139734430@example.com",
    "registerDate": "2025-08-02T13:02:15.622Z",
    "updatedDate": "2025-08-02T13:21:06.371Z"
}
user updated Response: {
    "id": "688e0c572121b2a7daad8690",
    "firstName": "Park Jongseong",
    "lastName": "(Jeyyi)",
    "email": "park.jeyi1754139734430@example.com",
    "registerDate": "2025-08-02T13:02:15.622Z",
    "updatedDate": "2025-08-02T13:21:06.371Z"
}
]]></system-out>
  <system-err><![CDATA[]]></system-err>
</testsuite>
