<?xml version="1.0" encoding="UTF-8"?>
<testsuite name="web.runner.TestRunner" tests="5" skipped="0" failures="0" errors="0" timestamp="2025-08-01T07:30:59" hostname="LAPTOP-KNP6RUNT" time="18.408">
  <properties/>
  <testcase name="Add item to cart" classname="web.runner.TestRunner" time="4.461"/>
  <testcase name="Remove item from cart" classname="web.runner.TestRunner" time="3.325"/>
  <testcase name="End-to-end checkout" classname="web.runner.TestRunner" time="3.972"/>
  <testcase name="Login with valid credentials" classname="web.runner.TestRunner" time="3.38"/>
  <testcase name="Login with invalid password" classname="web.runner.TestRunner" time="3.261"/>
  <system-out><![CDATA[
@web @cart @positive
Scenario: Add item to cart                         # src/test/resources/features/web/cart.feature:5
  Given User is logged in with valid credentials   # web.steps.LoginSteps.user_logged_in()
  When User adds "Sauce Labs Backpack" to the cart # web.steps.CartSteps.user_adds_item(java.lang.String)
  And User navigates to the cart page              # web.steps.CartSteps.user_navigates_to_cart()
  Then "Sauce Labs Backpack" should be in the cart # web.steps.CartSteps.item_should_be_in_cart(java.lang.String)

@web @cart @positive
Scenario: Remove item from cart                          # src/test/resources/features/web/cart.feature:12
  Given User is logged in with valid credentials         # web.steps.LoginSteps.user_logged_in()
  And User adds "Sauce Labs Bike Light" to the cart      # web.steps.CartSteps.user_adds_item(java.lang.String)
  When User navigates to the cart page                   # web.steps.CartSteps.user_navigates_to_cart()
  And User removes "Sauce Labs Bike Light" from the cart # web.steps.CartSteps.user_removes_item(java.lang.String)
  Then "Sauce Labs Bike Light" should not be in the cart # web.steps.CartSteps.item_should_not_be_in_cart(java.lang.String)

@web @checkout @endtoend
Scenario: End-to-end checkout                                                 # src/test/resources/features/web/checkout.feature:5
  Given User is logged in with valid credentials                              # web.steps.LoginSteps.user_logged_in()
  And User adds "Sauce Labs Bolt T-Shirt" to the cart                         # web.steps.CartSteps.user_adds_item(java.lang.String)
  When User navigates to the cart page                                        # web.steps.CartSteps.user_navigates_to_cart()
  And User clicks the checkout button                                         # web.steps.CheckoutSteps.user_clicks_checkout()
  And User enters first name "John", last name "Doe", and postal code "12345" # web.steps.CheckoutSteps.user_enters_checkout_info(java.lang.String,java.lang.String,java.lang.String)
  And User clicks the continue button                                         # web.steps.CheckoutSteps.user_clicks_continue()
  And User clicks the finish button                                           # web.steps.CheckoutSteps.user_clicks_finish()
  Then User should see the confirmation message "Thank you for your order!"   # web.steps.CheckoutSteps.user_sees_confirmation(java.lang.String)

@web @login @positive
Scenario: Login with valid credentials                                  # src/test/resources/features/web/login.feature:5
  Given User is on the Saucedemo login page                             # web.steps.LoginSteps.user_is_on_login_page()
  When User enters username "standard_user" and password "secret_sauce" # web.steps.LoginSteps.user_enters_credentials(java.lang.String,java.lang.String)
  And User clicks the login button                                      # web.steps.LoginSteps.user_clicks_login_button()
  Then User should be redirected to the inventory page                  # web.steps.LoginSteps.user_should_see_inventory_page()

@web @login @negative
Scenario: Login with invalid password                                     # src/test/resources/features/web/login.feature:12
  Given User is on the Saucedemo login page                               # web.steps.LoginSteps.user_is_on_login_page()
  When User enters username "standard_user" and password "wrong_password" # web.steps.LoginSteps.user_enters_credentials(java.lang.String,java.lang.String)
  And User clicks the login button                                        # web.steps.LoginSteps.user_clicks_login_button()
  Then An error message should be displayed                               # web.steps.LoginSteps.error_message_should_be_displayed()
]]></system-out>
  <system-err><![CDATA[Aug 01, 2025 2:31:01 PM org.openqa.selenium.devtools.CdpVersionFinder findNearestMatch
WARNING: Unable to find CDP implementation matching 138
Aug 01, 2025 2:31:01 PM org.openqa.selenium.chromium.ChromiumDriver lambda$new$5
WARNING: Unable to find version of CDP to use for 138.0.7204.184. You may need to include a dependency on a specific version of the CDP using something similar to `org.seleniumhq.selenium:selenium-devtools-v86:4.11.0` where the version ("v86") matches the version of the chromium-based browser you're using and the version number of the artifact is the same as Selenium's.
Aug 01, 2025 2:31:04 PM org.openqa.selenium.devtools.CdpVersionFinder findNearestMatch
WARNING: Unable to find CDP implementation matching 138
Aug 01, 2025 2:31:04 PM org.openqa.selenium.chromium.ChromiumDriver lambda$new$5
WARNING: Unable to find version of CDP to use for 138.0.7204.184. You may need to include a dependency on a specific version of the CDP using something similar to `org.seleniumhq.selenium:selenium-devtools-v86:4.11.0` where the version ("v86") matches the version of the chromium-based browser you're using and the version number of the artifact is the same as Selenium's.
Aug 01, 2025 2:31:08 PM org.openqa.selenium.devtools.CdpVersionFinder findNearestMatch
WARNING: Unable to find CDP implementation matching 138
Aug 01, 2025 2:31:08 PM org.openqa.selenium.chromium.ChromiumDriver lambda$new$5
WARNING: Unable to find version of CDP to use for 138.0.7204.184. You may need to include a dependency on a specific version of the CDP using something similar to `org.seleniumhq.selenium:selenium-devtools-v86:4.11.0` where the version ("v86") matches the version of the chromium-based browser you're using and the version number of the artifact is the same as Selenium's.
Aug 01, 2025 2:31:12 PM org.openqa.selenium.devtools.CdpVersionFinder findNearestMatch
WARNING: Unable to find CDP implementation matching 138
Aug 01, 2025 2:31:12 PM org.openqa.selenium.chromium.ChromiumDriver lambda$new$5
WARNING: Unable to find version of CDP to use for 138.0.7204.184. You may need to include a dependency on a specific version of the CDP using something similar to `org.seleniumhq.selenium:selenium-devtools-v86:4.11.0` where the version ("v86") matches the version of the chromium-based browser you're using and the version number of the artifact is the same as Selenium's.
Aug 01, 2025 2:31:15 PM org.openqa.selenium.devtools.CdpVersionFinder findNearestMatch
WARNING: Unable to find CDP implementation matching 138
Aug 01, 2025 2:31:15 PM org.openqa.selenium.chromium.ChromiumDriver lambda$new$5
WARNING: Unable to find version of CDP to use for 138.0.7204.184. You may need to include a dependency on a specific version of the CDP using something similar to `org.seleniumhq.selenium:selenium-devtools-v86:4.11.0` where the version ("v86") matches the version of the chromium-based browser you're using and the version number of the artifact is the same as Selenium's.
]]></system-err>
</testsuite>
