<?xml version="1.0" encoding="UTF-8"?>
<testsuite name="Cart Functionality" tests="2" skipped="0" failures="2" errors="0" timestamp="2025-08-01T15:16:04" hostname="LAPTOP-KNP6RUNT" time="2.038">
  <properties/>
  <testcase name="Add item to cart" classname="Cart Functionality" time="1.746">
    <failure message="org.openqa.selenium.SessionNotCreatedException: Could not start a new session. Response code 500. Message: session not created&#10;from unknown error: cannot create default profile directory &#10;Host info: host: 'LAPTOP-KNP6RUNT', ip: '192.168.1.102'&#10;Build info: version: '4.11.0', revision: '040bc5406b'&#10;System info: os.name: 'Windows 11', os.arch: 'amd64', os.version: '10.0', java.version: '17.0.15'&#10;Driver info: org.openqa.selenium.chrome.ChromeDriver&#10;Command: [null, newSession {capabilities=[Capabilities {browserName: chrome, goog:chromeOptions: {args: [--remote-allow-origins=*, --user-data-dir=C:/Users/YO..., --headless=new, --disable-gpu, --no-sandbox], binary: C:\Program Files\Google\Chr..., extensions: []}}]}]" type="org.openqa.selenium.SessionNotCreatedException">org.openqa.selenium.SessionNotCreatedException: Could not start a new session. Response code 500. Message: session not created
from unknown error: cannot create default profile directory 
Host info: host: 'LAPTOP-KNP6RUNT', ip: '192.168.1.102'
Build info: version: '4.11.0', revision: '040bc5406b'
System info: os.name: 'Windows 11', os.arch: 'amd64', os.version: '10.0', java.version: '17.0.15'
Driver info: org.openqa.selenium.chrome.ChromeDriver
Command: [null, newSession {capabilities=[Capabilities {browserName: chrome, goog:chromeOptions: {args: [--remote-allow-origins=*, --user-data-dir=C:/Users/YO..., --headless=new, --disable-gpu, --no-sandbox], binary: C:\Program Files\Google\Chr..., extensions: []}}]}]
	at app//org.openqa.selenium.remote.ProtocolHandshake.createSession(ProtocolHandshake.java:140)
	at app//org.openqa.selenium.remote.ProtocolHandshake.createSession(ProtocolHandshake.java:96)
	at app//org.openqa.selenium.remote.ProtocolHandshake.createSession(ProtocolHandshake.java:68)
	at app//org.openqa.selenium.remote.HttpCommandExecutor.execute(HttpCommandExecutor.java:163)
	at app//org.openqa.selenium.remote.service.DriverCommandExecutor.invokeExecute(DriverCommandExecutor.java:196)
	at app//org.openqa.selenium.remote.service.DriverCommandExecutor.execute(DriverCommandExecutor.java:171)
	at app//org.openqa.selenium.remote.RemoteWebDriver.execute(RemoteWebDriver.java:518)
	at app//org.openqa.selenium.remote.RemoteWebDriver.startSession(RemoteWebDriver.java:232)
	at app//org.openqa.selenium.remote.RemoteWebDriver.&lt;init&gt;(RemoteWebDriver.java:159)
	at app//org.openqa.selenium.chromium.ChromiumDriver.&lt;init&gt;(ChromiumDriver.java:108)
	at app//org.openqa.selenium.chrome.ChromeDriver.&lt;init&gt;(ChromeDriver.java:88)
	at app//org.openqa.selenium.chrome.ChromeDriver.&lt;init&gt;(ChromeDriver.java:83)
	at app//org.openqa.selenium.chrome.ChromeDriver.&lt;init&gt;(ChromeDriver.java:72)
	at app//web.hooks.Hooks.setUp(Hooks.java:26)
</failure>
  </testcase>
  <testcase name="Remove item from cart" classname="Cart Functionality" time="0.292">
    <failure message="org.openqa.selenium.SessionNotCreatedException: Could not start a new session. Response code 500. Message: session not created&#10;from unknown error: cannot create default profile directory &#10;Host info: host: 'LAPTOP-KNP6RUNT', ip: '192.168.1.102'&#10;Build info: version: '4.11.0', revision: '040bc5406b'&#10;System info: os.name: 'Windows 11', os.arch: 'amd64', os.version: '10.0', java.version: '17.0.15'&#10;Driver info: org.openqa.selenium.chrome.ChromeDriver&#10;Command: [null, newSession {capabilities=[Capabilities {browserName: chrome, goog:chromeOptions: {args: [--remote-allow-origins=*, --user-data-dir=C:/Users/YO..., --headless=new, --disable-gpu, --no-sandbox], binary: C:\Program Files\Google\Chr..., extensions: []}}]}]" type="org.openqa.selenium.SessionNotCreatedException">org.openqa.selenium.SessionNotCreatedException: Could not start a new session. Response code 500. Message: session not created
from unknown error: cannot create default profile directory 
Host info: host: 'LAPTOP-KNP6RUNT', ip: '192.168.1.102'
Build info: version: '4.11.0', revision: '040bc5406b'
System info: os.name: 'Windows 11', os.arch: 'amd64', os.version: '10.0', java.version: '17.0.15'
Driver info: org.openqa.selenium.chrome.ChromeDriver
Command: [null, newSession {capabilities=[Capabilities {browserName: chrome, goog:chromeOptions: {args: [--remote-allow-origins=*, --user-data-dir=C:/Users/YO..., --headless=new, --disable-gpu, --no-sandbox], binary: C:\Program Files\Google\Chr..., extensions: []}}]}]
	at app//org.openqa.selenium.remote.ProtocolHandshake.createSession(ProtocolHandshake.java:140)
	at app//org.openqa.selenium.remote.ProtocolHandshake.createSession(ProtocolHandshake.java:96)
	at app//org.openqa.selenium.remote.ProtocolHandshake.createSession(ProtocolHandshake.java:68)
	at app//org.openqa.selenium.remote.HttpCommandExecutor.execute(HttpCommandExecutor.java:163)
	at app//org.openqa.selenium.remote.service.DriverCommandExecutor.invokeExecute(DriverCommandExecutor.java:196)
	at app//org.openqa.selenium.remote.service.DriverCommandExecutor.execute(DriverCommandExecutor.java:171)
	at app//org.openqa.selenium.remote.RemoteWebDriver.execute(RemoteWebDriver.java:518)
	at app//org.openqa.selenium.remote.RemoteWebDriver.startSession(RemoteWebDriver.java:232)
	at app//org.openqa.selenium.remote.RemoteWebDriver.&lt;init&gt;(RemoteWebDriver.java:159)
	at app//org.openqa.selenium.chromium.ChromiumDriver.&lt;init&gt;(ChromiumDriver.java:108)
	at app//org.openqa.selenium.chrome.ChromeDriver.&lt;init&gt;(ChromeDriver.java:88)
	at app//org.openqa.selenium.chrome.ChromeDriver.&lt;init&gt;(ChromeDriver.java:83)
	at app//org.openqa.selenium.chrome.ChromeDriver.&lt;init&gt;(ChromeDriver.java:72)
	at app//web.hooks.Hooks.setUp(Hooks.java:26)
</failure>
  </testcase>
  <system-out><![CDATA[
@web @cart @positive
Scenario: Add item to cart                         # src/test/resources/features/web/cart.feature:5
      org.openqa.selenium.SessionNotCreatedException: Could not start a new session. Response code 500. Message: session not created
from unknown error: cannot create default profile directory 
Host info: host: 'LAPTOP-KNP6RUNT', ip: '192.168.1.102'
Build info: version: '4.11.0', revision: '040bc5406b'
System info: os.name: 'Windows 11', os.arch: 'amd64', os.version: '10.0', java.version: '17.0.15'
Driver info: org.openqa.selenium.chrome.ChromeDriver
Command: [null, newSession {capabilities=[Capabilities {browserName: chrome, goog:chromeOptions: {args: [--remote-allow-origins=*, --user-data-dir=C:/Users/YO..., --headless=new, --disable-gpu, --no-sandbox], binary: C:\Program Files\Google\Chr..., extensions: []}}]}]
	at org.openqa.selenium.remote.ProtocolHandshake.createSession(ProtocolHandshake.java:140)
	at org.openqa.selenium.remote.ProtocolHandshake.createSession(ProtocolHandshake.java:96)
	at org.openqa.selenium.remote.ProtocolHandshake.createSession(ProtocolHandshake.java:68)
	at org.openqa.selenium.remote.HttpCommandExecutor.execute(HttpCommandExecutor.java:163)
	at org.openqa.selenium.remote.service.DriverCommandExecutor.invokeExecute(DriverCommandExecutor.java:196)
	at org.openqa.selenium.remote.service.DriverCommandExecutor.execute(DriverCommandExecutor.java:171)
	at org.openqa.selenium.remote.RemoteWebDriver.execute(RemoteWebDriver.java:518)
	at org.openqa.selenium.remote.RemoteWebDriver.startSession(RemoteWebDriver.java:232)
	at org.openqa.selenium.remote.RemoteWebDriver.<init>(RemoteWebDriver.java:159)
	at org.openqa.selenium.chromium.ChromiumDriver.<init>(ChromiumDriver.java:108)
	at org.openqa.selenium.chrome.ChromeDriver.<init>(ChromeDriver.java:88)
	at org.openqa.selenium.chrome.ChromeDriver.<init>(ChromeDriver.java:83)
	at org.openqa.selenium.chrome.ChromeDriver.<init>(ChromeDriver.java:72)
	at web.hooks.Hooks.setUp(Hooks.java:26)

  Given User is logged in with valid credentials   # web.steps.LoginSteps.user_logged_in()
  When User adds "Sauce Labs Backpack" to the cart # web.steps.CartSteps.user_adds_item(java.lang.String)
  And User navigates to the cart page              # web.steps.CartSteps.user_navigates_to_cart()
  Then "Sauce Labs Backpack" should be in the cart # web.steps.CartSteps.item_should_be_in_cart(java.lang.String)

@web @cart @positive
Scenario: Remove item from cart                          # src/test/resources/features/web/cart.feature:12
      org.openqa.selenium.SessionNotCreatedException: Could not start a new session. Response code 500. Message: session not created
from unknown error: cannot create default profile directory 
Host info: host: 'LAPTOP-KNP6RUNT', ip: '192.168.1.102'
Build info: version: '4.11.0', revision: '040bc5406b'
System info: os.name: 'Windows 11', os.arch: 'amd64', os.version: '10.0', java.version: '17.0.15'
Driver info: org.openqa.selenium.chrome.ChromeDriver
Command: [null, newSession {capabilities=[Capabilities {browserName: chrome, goog:chromeOptions: {args: [--remote-allow-origins=*, --user-data-dir=C:/Users/YO..., --headless=new, --disable-gpu, --no-sandbox], binary: C:\Program Files\Google\Chr..., extensions: []}}]}]
	at org.openqa.selenium.remote.ProtocolHandshake.createSession(ProtocolHandshake.java:140)
	at org.openqa.selenium.remote.ProtocolHandshake.createSession(ProtocolHandshake.java:96)
	at org.openqa.selenium.remote.ProtocolHandshake.createSession(ProtocolHandshake.java:68)
	at org.openqa.selenium.remote.HttpCommandExecutor.execute(HttpCommandExecutor.java:163)
	at org.openqa.selenium.remote.service.DriverCommandExecutor.invokeExecute(DriverCommandExecutor.java:196)
	at org.openqa.selenium.remote.service.DriverCommandExecutor.execute(DriverCommandExecutor.java:171)
	at org.openqa.selenium.remote.RemoteWebDriver.execute(RemoteWebDriver.java:518)
	at org.openqa.selenium.remote.RemoteWebDriver.startSession(RemoteWebDriver.java:232)
	at org.openqa.selenium.remote.RemoteWebDriver.<init>(RemoteWebDriver.java:159)
	at org.openqa.selenium.chromium.ChromiumDriver.<init>(ChromiumDriver.java:108)
	at org.openqa.selenium.chrome.ChromeDriver.<init>(ChromeDriver.java:88)
	at org.openqa.selenium.chrome.ChromeDriver.<init>(ChromeDriver.java:83)
	at org.openqa.selenium.chrome.ChromeDriver.<init>(ChromeDriver.java:72)
	at web.hooks.Hooks.setUp(Hooks.java:26)

  Given User is logged in with valid credentials         # web.steps.LoginSteps.user_logged_in()
  And User adds "Sauce Labs Bike Light" to the cart      # web.steps.CartSteps.user_adds_item(java.lang.String)
  When User navigates to the cart page                   # web.steps.CartSteps.user_navigates_to_cart()
  And User removes "Sauce Labs Bike Light" from the cart # web.steps.CartSteps.user_removes_item(java.lang.String)
  Then "Sauce Labs Bike Light" should not be in the cart # web.steps.CartSteps.item_should_not_be_in_cart(java.lang.String)
]]></system-out>
  <system-err><![CDATA[]]></system-err>
</testsuite>
